[16-Aug-25 08:40:35 - INFO] - ZeMusic.core.mongo - ÙŠØªÙ… Ø±ÙØ¹ Ø§Ù„Ø¨ÙŠØ§Ù†Ø§Øª...
[16-Aug-25 08:40:35 - INFO] - ZeMusic.core.mongo - ØªÙ… Ø±ÙØ¹ Ø§Ù„Ø¨ÙŠØ§Ù†Ø§Øª.
[16-Aug-25 08:40:35 - INFO] - ZeMusic.core.dir - ØªÙ… Ø§ÙƒØªÙ…Ø§Ù„ Ø§Ù„ØªØ­Ù…ÙŠÙ„.
[16-Aug-25 08:40:35 - INFO] - ZeMusic.core.git - Git Client Found [VPS DEPLOYER]
[16-Aug-25 08:40:35 - INFO] - ZeMusic.misc - Local Database Initialized.
[16-Aug-25 08:40:35 - INFO] - ZeMusic.core.bot - ÙŠØªÙ… ØªØ´ØºÙŠÙ„ Ø§Ù„Ø¨ÙˆØª..
[16-Aug-25 08:40:37 - INFO] - ZeMusic.misc - ØªÙ… Ø±ÙØ¹ Ø§Ù„Ø¨ÙŠØ§Ù†Ø§Øª.
[16-Aug-25 08:40:41 - INFO] - ZeMusic.core.bot - ØªÙ… ØªØ³ØºÙŠÙ„ ğ‹ğğ‹  Ø¨Ù†Ø¬Ø§Ø­..
[16-Aug-25 08:40:41 - INFO] - ZeMusic.plugins - SEARCH_ONLY: ØªÙ… ØªØ­Ù…ÙŠÙ„ 3 Ø¨Ù„Ø¬Ù† Ø¨Ø­Ø« ÙÙ‚Ø·
[16-Aug-25 08:40:41 - INFO] - ZeMusic.plugins - SEARCH_ONLY Ù…ÙØ¹Ù‘Ù„: Ø£Ø¨Ù‚ÙŠÙ†Ø§ 0 ÙˆÙ…Ø¹ Ø¥Ø²Ø§Ù„Ø© 0 Ù…Ù† Ø§Ù„Ù‡Ø§Ù†Ø¯Ù„Ø±Ø².
[16-Aug-25 08:40:41 - INFO] - ZeMusic.plugins - ØªÙ†Ø²ÙŠÙ„ Ù…Ø¹Ù„ÙˆÙ…Ø§Øª Ø§Ù„Ø³ÙˆØ±Ø³...
[16-Aug-25 08:40:41 - INFO] - ZeMusic.core.userbot - Ø¬Ù„Ø¨ Ù…Ø¹Ù„ÙˆÙ…Ø§Øª Ø§Ù„Ø³ÙˆØ±Ø³...
[16-Aug-25 08:40:43 - INFO] - ZeMusic.core.userbot - ØªÙ… ØªØ´ØºÙŠÙ„ Ø§Ù„Ù…Ø³Ø§Ø¹Ø¯ <a href=tg://user?id=7050725648>. ğ‘ğ¨ğ¥ğš ğ“º</a> Ø¹Ù„Ù‰ Ø³ÙˆØ±Ø³ Ø§Ù„Ù…Ù„Ùƒ
[16-Aug-25 08:40:43 - INFO] - ZeMusic.core.call - Starting PyTgCalls Client...

[16-Aug-25 08:40:44 - INFO] - ZeMusic.core.call - ØªÙ… ØªÙ‡ÙŠØ¦Ø© PyTgCalls Ø¨Ø¯ÙˆÙ† decorators
[16-Aug-25 08:40:44 - INFO] - ZeMusic - Ø¬Ø§Ø±ÙŠ ØªØ´ØºÙŠÙ„ Ø§Ù„Ø¨ÙˆØª
ØªÙ… Ø§Ù„ØªÙ†ØµÙŠØ¨ Ø¹Ù„Ù‰ Ø³ÙˆØ±Ø³ Ø§Ù„Ù…Ù„Ùƒ Ø¨Ù†Ø¬Ø§Ø­
Ù‚Ù†Ø§Ø© Ø§Ù„Ø³ÙˆØ±Ø³ https://t.me/EF_19
WARNING: [youtube] Unable to download webpage: HTTP Error 429: Too Many Requests (caused by <HTTPError 429: Too Many Requests>)
[download]   0.0% of    3.83MiB at  851.81KiB/s ETA 00:04[PATCH] ntgcalls compatibility aliases created successfully
PyTgCalls v1.0.9 powered by NTgCalls v1.3.4, Copyright (C) 2021-2025 Laky-64 <https://github.com/Laky-64>
Licensed under the terms of the GNU Lesser General Public License v3 or later (LGPLv3+)

[93mUpdate Available!
New PyTgCalls v2.2.5 is now available!
[0m
[download]   0.1% of    3.83MiB at    1.87MiB/s ETA 00:02[download]   0.2% of    3.83MiB at    3.73MiB/s ETA 00:01[download]   0.4% of    3.83MiB at    7.10MiB/s ETA 00:00[download]   0.8% of    3.83MiB at    3.83MiB/s ETA 00:00[download]   1.6% of    3.83MiB at    4.39MiB/s ETA 00:00[download]   3.2% of    3.83MiB at    5.88MiB/s ETA 00:00[download]   6.5% of    3.83MiB at    8.79MiB/s ETA 00:00[download]  13.0% of    3.83MiB at   13.45MiB/s ETA 00:00[download]  26.1% of    3.83MiB at   22.40MiB/s ETA 00:00[download]  52.2% of    3.83MiB at   38.09MiB/s ETA 00:00[download] 100.0% of    3.83MiB at   47.20MiB/s ETA 00:00[download] 100% of    3.83MiB in 00:00:00 at 24.57MiB/s                                                         WARNING: yOVVbM9YtWM: writing DASH m4a. Only some players support this container. Install ffmpeg to fix this automatically
